c:\users\thoomas\documents\visual studio 2017\projects\knightstour\knightstour\x64\debug\knightstour.pch
c:\users\thoomas\documents\visual studio 2017\projects\knightstour\knightstour\x64\debug\vc141.pdb
c:\users\thoomas\documents\visual studio 2017\projects\knightstour\knightstour\x64\debug\vc141.idb
c:\users\thoomas\documents\visual studio 2017\projects\knightstour\knightstour\x64\debug\stdafx.obj
c:\users\thoomas\documents\visual studio 2017\projects\knightstour\knightstour\x64\debug\knightstour.obj
c:\users\thoomas\documents\visual studio 2017\projects\knightstour\x64\debug\knightstour.ilk
c:\users\thoomas\documents\visual studio 2017\projects\knightstour\x64\debug\knightstour.exe
c:\users\thoomas\documents\visual studio 2017\projects\knightstour\x64\debug\knightstour.pdb
c:\users\tgallen\documents\visual studio 2015\projects\knightstour\knightstour\x64\debug\knightstour.obj
c:\users\tgallen\documents\visual studio 2015\projects\knightstour\knightstour\x64\debug\stdafx.obj
c:\users\tgallen\documents\visual studio 2015\projects\knightstour\knightstour\x64\debug\knightstour.pch
c:\users\tgallen\documents\visual studio 2015\projects\knightstour\knightstour\x64\debug\vc141.idb
c:\users\tgallen\documents\visual studio 2015\projects\knightstour\knightstour\x64\debug\vc141.pdb
c:\users\tgallen\documents\visual studio 2015\projects\knightstour\x64\debug\knightstour.pdb
c:\users\tgallen\documents\visual studio 2015\projects\knightstour\x64\debug\knightstour.exe
c:\users\tgallen\documents\visual studio 2015\projects\knightstour\x64\debug\knightstour.ilk
c:\users\tgallen\documents\visual studio 2015\projects\knightstour\knightstour\x64\debug\knightstour.tlog\cl.command.1.tlog
c:\users\tgallen\documents\visual studio 2015\projects\knightstour\knightstour\x64\debug\knightstour.tlog\cl.read.1.tlog
c:\users\tgallen\documents\visual studio 2015\projects\knightstour\knightstour\x64\debug\knightstour.tlog\cl.write.1.tlog
c:\users\tgallen\documents\visual studio 2015\projects\knightstour\knightstour\x64\debug\knightstour.tlog\link.command.1.tlog
c:\users\tgallen\documents\visual studio 2015\projects\knightstour\knightstour\x64\debug\knightstour.tlog\link.read.1.tlog
c:\users\tgallen\documents\visual studio 2015\projects\knightstour\knightstour\x64\debug\knightstour.tlog\link.write.1.tlog
